----------------------------------------------------------------
Wed Jan 14 01:00:03 GMT 2026:
Booting Derby version The Apache Software Foundation - Apache Derby - 10.16.1.1 - (1901046): instance a816c00e-019b-ba04-4fd0-00000bbeaea0 
on database directory C:\Users\Singlin\IdeaProjects\HappyShop\happyShopDB with class loader jdk.internal.loader.ClassLoaders$AppClassLoader@1e80bfe8 
Loaded from file:/C:/Users/Singlin/.m2/repository/org/apache/derby/derby/10.16.1.1/derby-10.16.1.1.jar
java.vendor=Amazon.com Inc.
java.runtime.version=22.0.2+9-FR
user.dir=C:\Users\Singlin\IdeaProjects\HappyShop
os.name=Windows 11
os.arch=amd64
os.version=10.0
derby.system.home=null

------------  Begin Shutdown Error Stack -------------

ERROR XSLA7: Cannot redo operation null in the log.
	at org.apache.derby.commons/org.apache.derby.shared.common.error.StandardException.newException(StandardException.java:299)
	at org.apache.derby.engine/org.apache.derby.impl.store.raw.log.FileLogger.redo(FileLogger.java:1525)
	at org.apache.derby.engine/org.apache.derby.impl.store.raw.log.LogToFile.recover(LogToFile.java:913)
	at org.apache.derby.engine/org.apache.derby.impl.store.raw.RawStore.boot(RawStore.java:334)
	at org.apache.derby.engine/org.apache.derby.impl.services.monitor.BaseMonitor.boot(BaseMonitor.java:1989)
	at org.apache.derby.engine/org.apache.derby.impl.services.monitor.TopService.bootModule(TopService.java:334)
	at org.apache.derby.engine/org.apache.derby.impl.services.monitor.BaseMonitor.startModule(BaseMonitor.java:527)
	at org.apache.derby.engine/org.apache.derby.impl.services.monitor.FileMonitor.startModule(FileMonitor.java:45)
	at org.apache.derby.engine/org.apache.derby.iapi.services.monitor.Monitor.bootServiceModule(Monitor.java:460)
	at org.apache.derby.engine/org.apache.derby.impl.store.access.RAMAccessManager.bootServiceModule(RAMAccessManager.java:1332)
	at org.apache.derby.engine/org.apache.derby.impl.store.access.RAMAccessManager.boot(RAMAccessManager.java:1035)
	at org.apache.derby.engine/org.apache.derby.impl.services.monitor.BaseMonitor.boot(BaseMonitor.java:1989)
	at org.apache.derby.engine/org.apache.derby.impl.services.monitor.TopService.bootModule(TopService.java:334)
	at org.apache.derby.engine/org.apache.derby.impl.services.monitor.BaseMonitor.startModule(BaseMonitor.java:527)
	at org.apache.derby.engine/org.apache.derby.impl.services.monitor.FileMonitor.startModule(FileMonitor.java:45)
	at org.apache.derby.engine/org.apache.derby.iapi.services.monitor.Monitor.bootServiceModule(Monitor.java:460)
	at org.apache.derby.engine/org.apache.derby.impl.db.BasicDatabase.bootServiceModule(BasicDatabase.java:945)
	at org.apache.derby.engine/org.apache.derby.impl.db.BasicDatabase.bootStore(BasicDatabase.java:773)
	at org.apache.derby.engine/org.apache.derby.impl.db.BasicDatabase.boot(BasicDatabase.java:182)
	at org.apache.derby.engine/org.apache.derby.impl.services.monitor.BaseMonitor.boot(BaseMonitor.java:1989)
	at org.apache.derby.engine/org.apache.derby.impl.services.monitor.TopService.bootModule(TopService.java:334)
	at org.apache.derby.engine/org.apache.derby.impl.services.monitor.BaseMonitor.bootService(BaseMonitor.java:1817)
	at org.apache.derby.engine/org.apache.derby.impl.services.monitor.BaseMonitor.startProviderService(BaseMonitor.java:1683)
	at org.apache.derby.engine/org.apache.derby.impl.services.monitor.BaseMonitor.findProviderAndStartService(BaseMonitor.java:1567)
	at org.apache.derby.engine/org.apache.derby.impl.services.monitor.BaseMonitor.startPersistentService(BaseMonitor.java:988)
	at org.apache.derby.engine/org.apache.derby.iapi.services.monitor.Monitor.startPersistentService(Monitor.java:598)
	at org.apache.derby.engine/org.apache.derby.impl.jdbc.EmbedConnection.startPersistentService(EmbedConnection.java:3994)
	at org.apache.derby.engine/org.apache.derby.impl.jdbc.EmbedConnection.bootDatabase(EmbedConnection.java:2809)
	at org.apache.derby.engine/org.apache.derby.impl.jdbc.EmbedConnection.<init>(EmbedConnection.java:406)
	at org.apache.derby.engine/org.apache.derby.iapi.jdbc.InternalDriver.getNewEmbedConnection(InternalDriver.java:630)
	at org.apache.derby.engine/org.apache.derby.iapi.jdbc.InternalDriver.connect(InternalDriver.java:295)
	at org.apache.derby.engine/org.apache.derby.iapi.jdbc.InternalDriver.connect(InternalDriver.java:922)
	at org.apache.derby.engine/org.apache.derby.iapi.jdbc.AutoloadedDriver.connect(AutoloadedDriver.java:132)
	at java.sql/java.sql.DriverManager.getConnection(DriverManager.java:682)
	at java.sql/java.sql.DriverManager.getConnection(DriverManager.java:253)
	at ci553.happyshop/ci553.happyshop.storageAccess.UserDatabaseRW.initializeUserTable(UserDatabaseRW.java:49)
	at ci553.happyshop/ci553.happyshop.auth.AuthenticationManager.login(AuthenticationManager.java:52)
	at ci553.happyshop/ci553.happyshop.client.auth.LoginModel.attemptLogin(LoginModel.java:36)
	at ci553.happyshop/ci553.happyshop.client.auth.LoginController.doLogin(LoginController.java:25)
	at ci553.happyshop/ci553.happyshop.client.auth.WarehouseLoginView.lambda$handleWarehouseLogin$5(WarehouseLoginView.java:301)
	at java.base/java.lang.Thread.run(Thread.java:1570)
Caused by: ERROR 40XD2: Container Container(0, 2768) cannot be opened; it either has been dropped or does not exist.
	at org.apache.derby.commons/org.apache.derby.shared.common.error.StandardException.newException(StandardException.java:299)
	at org.apache.derby.commons/org.apache.derby.shared.common.error.StandardException.newException(StandardException.java:294)
	at org.apache.derby.engine/org.apache.derby.impl.store.raw.data.PageBasicOperation.findpage(PageBasicOperation.java:278)
	at org.apache.derby.engine/org.apache.derby.impl.store.raw.data.PageBasicOperation.needsRedo(PageBasicOperation.java:153)
	at org.apache.derby.engine/org.apache.derby.impl.store.raw.log.FileLogger.redo(FileLogger.java:1395)
	... 39 more
============= begin nested exception, level (1) ===========
ERROR 40XD2: Container Container(0, 2768) cannot be opened; it either has been dropped or does not exist.
	at org.apache.derby.commons/org.apache.derby.shared.common.error.StandardException.newException(StandardException.java:299)
	at org.apache.derby.commons/org.apache.derby.shared.common.error.StandardException.newException(StandardException.java:294)
	at org.apache.derby.engine/org.apache.derby.impl.store.raw.data.PageBasicOperation.findpage(PageBasicOperation.java:278)
	at org.apache.derby.engine/org.apache.derby.impl.store.raw.data.PageBasicOperation.needsRedo(PageBasicOperation.java:153)
	at org.apache.derby.engine/org.apache.derby.impl.store.raw.log.FileLogger.redo(FileLogger.java:1395)
	at org.apache.derby.engine/org.apache.derby.impl.store.raw.log.LogToFile.recover(LogToFile.java:913)
	at org.apache.derby.engine/org.apache.derby.impl.store.raw.RawStore.boot(RawStore.java:334)
	at org.apache.derby.engine/org.apache.derby.impl.services.monitor.BaseMonitor.boot(BaseMonitor.java:1989)
	at org.apache.derby.engine/org.apache.derby.impl.services.monitor.TopService.bootModule(TopService.java:334)
	at org.apache.derby.engine/org.apache.derby.impl.services.monitor.BaseMonitor.startModule(BaseMonitor.java:527)
	at org.apache.derby.engine/org.apache.derby.impl.services.monitor.FileMonitor.startModule(FileMonitor.java:45)
	at org.apache.derby.engine/org.apache.derby.iapi.services.monitor.Monitor.bootServiceModule(Monitor.java:460)
	at org.apache.derby.engine/org.apache.derby.impl.store.access.RAMAccessManager.bootServiceModule(RAMAccessManager.java:1332)
	at org.apache.derby.engine/org.apache.derby.impl.store.access.RAMAccessManager.boot(RAMAccessManager.java:1035)
	at org.apache.derby.engine/org.apache.derby.impl.services.monitor.BaseMonitor.boot(BaseMonitor.java:1989)
	at org.apache.derby.engine/org.apache.derby.impl.services.monitor.TopService.bootModule(TopService.java:334)
	at org.apache.derby.engine/org.apache.derby.impl.services.monitor.BaseMonitor.startModule(BaseMonitor.java:527)
	at org.apache.derby.engine/org.apache.derby.impl.services.monitor.FileMonitor.startModule(FileMonitor.java:45)
	at org.apache.derby.engine/org.apache.derby.iapi.services.monitor.Monitor.bootServiceModule(Monitor.java:460)
	at org.apache.derby.engine/org.apache.derby.impl.db.BasicDatabase.bootServiceModule(BasicDatabase.java:945)
	at org.apache.derby.engine/org.apache.derby.impl.db.BasicDatabase.bootStore(BasicDatabase.java:773)
	at org.apache.derby.engine/org.apache.derby.impl.db.BasicDatabase.boot(BasicDatabase.java:182)
	at org.apache.derby.engine/org.apache.derby.impl.services.monitor.BaseMonitor.boot(BaseMonitor.java:1989)
	at org.apache.derby.engine/org.apache.derby.impl.services.monitor.TopService.bootModule(TopService.java:334)
	at org.apache.derby.engine/org.apache.derby.impl.services.monitor.BaseMonitor.bootService(BaseMonitor.java:1817)
	at org.apache.derby.engine/org.apache.derby.impl.services.monitor.BaseMonitor.startProviderService(BaseMonitor.java:1683)
	at org.apache.derby.engine/org.apache.derby.impl.services.monitor.BaseMonitor.findProviderAndStartService(BaseMonitor.java:1567)
	at org.apache.derby.engine/org.apache.derby.impl.services.monitor.BaseMonitor.startPersistentService(BaseMonitor.java:988)
	at org.apache.derby.engine/org.apache.derby.iapi.services.monitor.Monitor.startPersistentService(Monitor.java:598)
	at org.apache.derby.engine/org.apache.derby.impl.jdbc.EmbedConnection.startPersistentService(EmbedConnection.java:3994)
	at org.apache.derby.engine/org.apache.derby.impl.jdbc.EmbedConnection.bootDatabase(EmbedConnection.java:2809)
	at org.apache.derby.engine/org.apache.derby.impl.jdbc.EmbedConnection.<init>(EmbedConnection.java:406)
	at org.apache.derby.engine/org.apache.derby.iapi.jdbc.InternalDriver.getNewEmbedConnection(InternalDriver.java:630)
	at org.apache.derby.engine/org.apache.derby.iapi.jdbc.InternalDriver.connect(InternalDriver.java:295)
	at org.apache.derby.engine/org.apache.derby.iapi.jdbc.InternalDriver.connect(InternalDriver.java:922)
	at org.apache.derby.engine/org.apache.derby.iapi.jdbc.AutoloadedDriver.connect(AutoloadedDriver.java:132)
	at java.sql/java.sql.DriverManager.getConnection(DriverManager.java:682)
	at java.sql/java.sql.DriverManager.getConnection(DriverManager.java:253)
	at ci553.happyshop/ci553.happyshop.storageAccess.UserDatabaseRW.initializeUserTable(UserDatabaseRW.java:49)
	at ci553.happyshop/ci553.happyshop.auth.AuthenticationManager.login(AuthenticationManager.java:52)
	at ci553.happyshop/ci553.happyshop.client.auth.LoginModel.attemptLogin(LoginModel.java:36)
	at ci553.happyshop/ci553.happyshop.client.auth.LoginController.doLogin(LoginController.java:25)
	at ci553.happyshop/ci553.happyshop.client.auth.WarehouseLoginView.lambda$handleWarehouseLogin$5(WarehouseLoginView.java:301)
	at java.base/java.lang.Thread.run(Thread.java:1570)
============= end nested exception, level (1) ===========


------------  End Shutdown Error Stack -------------

----------------------------------------------------------------
Wed Jan 14 01:00:03 GMT 2026:
Shutting down instance a816c00e-019b-ba04-4fd0-00000bbeaea0 on database directory C:\Users\Singlin\IdeaProjects\HappyShop\happyShopDB with class loader jdk.internal.loader.ClassLoaders$AppClassLoader@1e80bfe8 
Wed Jan 14 01:00:03 GMT 2026 Thread[#49,Thread-3,5,main] Cleanup action starting
java.sql.SQLException: Failed to start database 'happyShopDB' with class loader jdk.internal.loader.ClassLoaders$AppClassLoader@1e80bfe8, see the next exception for details.
	at org.apache.derby.engine/org.apache.derby.impl.jdbc.SQLExceptionFactory.getSQLException(SQLExceptionFactory.java:115)
	at org.apache.derby.engine/org.apache.derby.impl.jdbc.SQLExceptionFactory.getSQLException(SQLExceptionFactory.java:141)
	at org.apache.derby.engine/org.apache.derby.impl.jdbc.Util.seeNextException(Util.java:252)
	at org.apache.derby.engine/org.apache.derby.impl.jdbc.EmbedConnection.bootDatabase(EmbedConnection.java:2848)
	at org.apache.derby.engine/org.apache.derby.impl.jdbc.EmbedConnection.<init>(EmbedConnection.java:406)
	at org.apache.derby.engine/org.apache.derby.iapi.jdbc.InternalDriver.getNewEmbedConnection(InternalDriver.java:630)
	at org.apache.derby.engine/org.apache.derby.iapi.jdbc.InternalDriver.connect(InternalDriver.java:295)
	at org.apache.derby.engine/org.apache.derby.iapi.jdbc.InternalDriver.connect(InternalDriver.java:922)
	at org.apache.derby.engine/org.apache.derby.iapi.jdbc.AutoloadedDriver.connect(AutoloadedDriver.java:132)
	at java.sql/java.sql.DriverManager.getConnection(DriverManager.java:682)
	at java.sql/java.sql.DriverManager.getConnection(DriverManager.java:253)
	at ci553.happyshop/ci553.happyshop.storageAccess.UserDatabaseRW.initializeUserTable(UserDatabaseRW.java:49)
	at ci553.happyshop/ci553.happyshop.auth.AuthenticationManager.login(AuthenticationManager.java:52)
	at ci553.happyshop/ci553.happyshop.client.auth.LoginModel.attemptLogin(LoginModel.java:36)
	at ci553.happyshop/ci553.happyshop.client.auth.LoginController.doLogin(LoginController.java:25)
	at ci553.happyshop/ci553.happyshop.client.auth.WarehouseLoginView.lambda$handleWarehouseLogin$5(WarehouseLoginView.java:301)
	at java.base/java.lang.Thread.run(Thread.java:1570)
Caused by: ERROR XJ040: Failed to start database 'happyShopDB' with class loader jdk.internal.loader.ClassLoaders$AppClassLoader@1e80bfe8, see the next exception for details.
	at org.apache.derby.commons/org.apache.derby.shared.common.error.StandardException.newException(StandardException.java:299)
	at org.apache.derby.engine/org.apache.derby.impl.jdbc.SQLExceptionFactory.wrapArgsForTransportAcrossDRDA(SQLExceptionFactory.java:170)
	at org.apache.derby.engine/org.apache.derby.impl.jdbc.SQLExceptionFactory.getSQLException(SQLExceptionFactory.java:75)
	... 16 more
Caused by: ERROR 40XD2: Container Container(0, 2768) cannot be opened; it either has been dropped or does not exist.
	at org.apache.derby.commons/org.apache.derby.shared.common.error.StandardException.newException(StandardException.java:299)
	at org.apache.derby.commons/org.apache.derby.shared.common.error.StandardException.newException(StandardException.java:294)
	at org.apache.derby.engine/org.apache.derby.impl.store.raw.data.PageBasicOperation.findpage(PageBasicOperation.java:278)
	at org.apache.derby.engine/org.apache.derby.impl.store.raw.data.PageBasicOperation.needsRedo(PageBasicOperation.java:153)
	at org.apache.derby.engine/org.apache.derby.impl.store.raw.log.FileLogger.redo(FileLogger.java:1395)
	at org.apache.derby.engine/org.apache.derby.impl.store.raw.log.LogToFile.recover(LogToFile.java:913)
	at org.apache.derby.engine/org.apache.derby.impl.store.raw.RawStore.boot(RawStore.java:334)
	at org.apache.derby.engine/org.apache.derby.impl.services.monitor.BaseMonitor.boot(BaseMonitor.java:1989)
	at org.apache.derby.engine/org.apache.derby.impl.services.monitor.TopService.bootModule(TopService.java:334)
	at org.apache.derby.engine/org.apache.derby.impl.services.monitor.BaseMonitor.startModule(BaseMonitor.java:527)
	at org.apache.derby.engine/org.apache.derby.impl.services.monitor.FileMonitor.startModule(FileMonitor.java:45)
	at org.apache.derby.engine/org.apache.derby.iapi.services.monitor.Monitor.bootServiceModule(Monitor.java:460)
	at org.apache.derby.engine/org.apache.derby.impl.store.access.RAMAccessManager.bootServiceModule(RAMAccessManager.java:1332)
	at org.apache.derby.engine/org.apache.derby.impl.store.access.RAMAccessManager.boot(RAMAccessManager.java:1035)
	at org.apache.derby.engine/org.apache.derby.impl.services.monitor.BaseMonitor.boot(BaseMonitor.java:1989)
	at org.apache.derby.engine/org.apache.derby.impl.services.monitor.TopService.bootModule(TopService.java:334)
	at org.apache.derby.engine/org.apache.derby.impl.services.monitor.BaseMonitor.startModule(BaseMonitor.java:527)
	at org.apache.derby.engine/org.apache.derby.impl.services.monitor.FileMonitor.startModule(FileMonitor.java:45)
	at org.apache.derby.engine/org.apache.derby.iapi.services.monitor.Monitor.bootServiceModule(Monitor.java:460)
	at org.apache.derby.engine/org.apache.derby.impl.db.BasicDatabase.bootServiceModule(BasicDatabase.java:945)
	at org.apache.derby.engine/org.apache.derby.impl.db.BasicDatabase.bootStore(BasicDatabase.java:773)
	at org.apache.derby.engine/org.apache.derby.impl.db.BasicDatabase.boot(BasicDatabase.java:182)
	at org.apache.derby.engine/org.apache.derby.impl.services.monitor.BaseMonitor.boot(BaseMonitor.java:1989)
	at org.apache.derby.engine/org.apache.derby.impl.services.monitor.TopService.bootModule(TopService.java:334)
	at org.apache.derby.engine/org.apache.derby.impl.services.monitor.BaseMonitor.bootService(BaseMonitor.java:1817)
	at org.apache.derby.engine/org.apache.derby.impl.services.monitor.BaseMonitor.startProviderService(BaseMonitor.java:1683)
	at org.apache.derby.engine/org.apache.derby.impl.services.monitor.BaseMonitor.findProviderAndStartService(BaseMonitor.java:1567)
	at org.apache.derby.engine/org.apache.derby.impl.services.monitor.BaseMonitor.startPersistentService(BaseMonitor.java:988)
	at org.apache.derby.engine/org.apache.derby.iapi.services.monitor.Monitor.startPersistentService(Monitor.java:598)
	at org.apache.derby.engine/org.apache.derby.impl.jdbc.EmbedConnection.startPersistentService(EmbedConnection.java:3994)
	at org.apache.derby.engine/org.apache.derby.impl.jdbc.EmbedConnection.bootDatabase(EmbedConnection.java:2809)
	... 13 more
============= begin nested exception, level (1) ===========
java.sql.SQLTransactionRollbackException: Container Container(0, 2768) cannot be opened; it either has been dropped or does not exist.
	at org.apache.derby.engine/org.apache.derby.impl.jdbc.SQLExceptionFactory.getSQLException(SQLExceptionFactory.java:100)
	at org.apache.derby.engine/org.apache.derby.impl.jdbc.Util.generateCsSQLException(Util.java:230)
	at org.apache.derby.engine/org.apache.derby.impl.jdbc.EmbedConnection.bootDatabase(EmbedConnection.java:2842)
	at org.apache.derby.engine/org.apache.derby.impl.jdbc.EmbedConnection.<init>(EmbedConnection.java:406)
	at org.apache.derby.engine/org.apache.derby.iapi.jdbc.InternalDriver.getNewEmbedConnection(InternalDriver.java:630)
	at org.apache.derby.engine/org.apache.derby.iapi.jdbc.InternalDriver.connect(InternalDriver.java:295)
	at org.apache.derby.engine/org.apache.derby.iapi.jdbc.InternalDriver.connect(InternalDriver.java:922)
	at org.apache.derby.engine/org.apache.derby.iapi.jdbc.AutoloadedDriver.connect(AutoloadedDriver.java:132)
	at java.sql/java.sql.DriverManager.getConnection(DriverManager.java:682)
	at java.sql/java.sql.DriverManager.getConnection(DriverManager.java:253)
	at ci553.happyshop/ci553.happyshop.storageAccess.UserDatabaseRW.initializeUserTable(UserDatabaseRW.java:49)
	at ci553.happyshop/ci553.happyshop.auth.AuthenticationManager.login(AuthenticationManager.java:52)
	at ci553.happyshop/ci553.happyshop.client.auth.LoginModel.attemptLogin(LoginModel.java:36)
	at ci553.happyshop/ci553.happyshop.client.auth.LoginController.doLogin(LoginController.java:25)
	at ci553.happyshop/ci553.happyshop.client.auth.WarehouseLoginView.lambda$handleWarehouseLogin$5(WarehouseLoginView.java:301)
	at java.base/java.lang.Thread.run(Thread.java:1570)
Caused by: ERROR 40XD2: Container Container(0, 2768) cannot be opened; it either has been dropped or does not exist.
	at org.apache.derby.commons/org.apache.derby.shared.common.error.StandardException.newException(StandardException.java:299)
	at org.apache.derby.commons/org.apache.derby.shared.common.error.StandardException.newException(StandardException.java:294)
	at org.apache.derby.engine/org.apache.derby.impl.store.raw.data.PageBasicOperation.findpage(PageBasicOperation.java:278)
	at org.apache.derby.engine/org.apache.derby.impl.store.raw.data.PageBasicOperation.needsRedo(PageBasicOperation.java:153)
	at org.apache.derby.engine/org.apache.derby.impl.store.raw.log.FileLogger.redo(FileLogger.java:1395)
	at org.apache.derby.engine/org.apache.derby.impl.store.raw.log.LogToFile.recover(LogToFile.java:913)
	at org.apache.derby.engine/org.apache.derby.impl.store.raw.RawStore.boot(RawStore.java:334)
	at org.apache.derby.engine/org.apache.derby.impl.services.monitor.BaseMonitor.boot(BaseMonitor.java:1989)
	at org.apache.derby.engine/org.apache.derby.impl.services.monitor.TopService.bootModule(TopService.java:334)
	at org.apache.derby.engine/org.apache.derby.impl.services.monitor.BaseMonitor.startModule(BaseMonitor.java:527)
	at org.apache.derby.engine/org.apache.derby.impl.services.monitor.FileMonitor.startModule(FileMonitor.java:45)
	at org.apache.derby.engine/org.apache.derby.iapi.services.monitor.Monitor.bootServiceModule(Monitor.java:460)
	at org.apache.derby.engine/org.apache.derby.impl.store.access.RAMAccessManager.bootServiceModule(RAMAccessManager.java:1332)
	at org.apache.derby.engine/org.apache.derby.impl.store.access.RAMAccessManager.boot(RAMAccessManager.java:1035)
	at org.apache.derby.engine/org.apache.derby.impl.services.monitor.BaseMonitor.boot(BaseMonitor.java:1989)
	at org.apache.derby.engine/org.apache.derby.impl.services.monitor.TopService.bootModule(TopService.java:334)
	at org.apache.derby.engine/org.apache.derby.impl.services.monitor.BaseMonitor.startModule(BaseMonitor.java:527)
	at org.apache.derby.engine/org.apache.derby.impl.services.monitor.FileMonitor.startModule(FileMonitor.java:45)
	at org.apache.derby.engine/org.apache.derby.iapi.services.monitor.Monitor.bootServiceModule(Monitor.java:460)
	at org.apache.derby.engine/org.apache.derby.impl.db.BasicDatabase.bootServiceModule(BasicDatabase.java:945)
	at org.apache.derby.engine/org.apache.derby.impl.db.BasicDatabase.bootStore(BasicDatabase.java:773)
	at org.apache.derby.engine/org.apache.derby.impl.db.BasicDatabase.boot(BasicDatabase.java:182)
	at org.apache.derby.engine/org.apache.derby.impl.services.monitor.BaseMonitor.boot(BaseMonitor.java:1989)
	at org.apache.derby.engine/org.apache.derby.impl.services.monitor.TopService.bootModule(TopService.java:334)
	at org.apache.derby.engine/org.apache.derby.impl.services.monitor.BaseMonitor.bootService(BaseMonitor.java:1817)
	at org.apache.derby.engine/org.apache.derby.impl.services.monitor.BaseMonitor.startProviderService(BaseMonitor.java:1683)
	at org.apache.derby.engine/org.apache.derby.impl.services.monitor.BaseMonitor.findProviderAndStartService(BaseMonitor.java:1567)
	at org.apache.derby.engine/org.apache.derby.impl.services.monitor.BaseMonitor.startPersistentService(BaseMonitor.java:988)
	at org.apache.derby.engine/org.apache.derby.iapi.services.monitor.Monitor.startPersistentService(Monitor.java:598)
	at org.apache.derby.engine/org.apache.derby.impl.jdbc.EmbedConnection.startPersistentService(EmbedConnection.java:3994)
	at org.apache.derby.engine/org.apache.derby.impl.jdbc.EmbedConnection.bootDatabase(EmbedConnection.java:2809)
	... 13 more
============= end nested exception, level (1) ===========
============= begin nested exception, level (2) ===========
ERROR 40XD2: Container Container(0, 2768) cannot be opened; it either has been dropped or does not exist.
	at org.apache.derby.commons/org.apache.derby.shared.common.error.StandardException.newException(StandardException.java:299)
	at org.apache.derby.commons/org.apache.derby.shared.common.error.StandardException.newException(StandardException.java:294)
	at org.apache.derby.engine/org.apache.derby.impl.store.raw.data.PageBasicOperation.findpage(PageBasicOperation.java:278)
	at org.apache.derby.engine/org.apache.derby.impl.store.raw.data.PageBasicOperation.needsRedo(PageBasicOperation.java:153)
	at org.apache.derby.engine/org.apache.derby.impl.store.raw.log.FileLogger.redo(FileLogger.java:1395)
	at org.apache.derby.engine/org.apache.derby.impl.store.raw.log.LogToFile.recover(LogToFile.java:913)
	at org.apache.derby.engine/org.apache.derby.impl.store.raw.RawStore.boot(RawStore.java:334)
	at org.apache.derby.engine/org.apache.derby.impl.services.monitor.BaseMonitor.boot(BaseMonitor.java:1989)
	at org.apache.derby.engine/org.apache.derby.impl.services.monitor.TopService.bootModule(TopService.java:334)
	at org.apache.derby.engine/org.apache.derby.impl.services.monitor.BaseMonitor.startModule(BaseMonitor.java:527)
	at org.apache.derby.engine/org.apache.derby.impl.services.monitor.FileMonitor.startModule(FileMonitor.java:45)
	at org.apache.derby.engine/org.apache.derby.iapi.services.monitor.Monitor.bootServiceModule(Monitor.java:460)
	at org.apache.derby.engine/org.apache.derby.impl.store.access.RAMAccessManager.bootServiceModule(RAMAccessManager.java:1332)
	at org.apache.derby.engine/org.apache.derby.impl.store.access.RAMAccessManager.boot(RAMAccessManager.java:1035)
	at org.apache.derby.engine/org.apache.derby.impl.services.monitor.BaseMonitor.boot(BaseMonitor.java:1989)
	at org.apache.derby.engine/org.apache.derby.impl.services.monitor.TopService.bootModule(TopService.java:334)
	at org.apache.derby.engine/org.apache.derby.impl.services.monitor.BaseMonitor.startModule(BaseMonitor.java:527)
	at org.apache.derby.engine/org.apache.derby.impl.services.monitor.FileMonitor.startModule(FileMonitor.java:45)
	at org.apache.derby.engine/org.apache.derby.iapi.services.monitor.Monitor.bootServiceModule(Monitor.java:460)
	at org.apache.derby.engine/org.apache.derby.impl.db.BasicDatabase.bootServiceModule(BasicDatabase.java:945)
	at org.apache.derby.engine/org.apache.derby.impl.db.BasicDatabase.bootStore(BasicDatabase.java:773)
	at org.apache.derby.engine/org.apache.derby.impl.db.BasicDatabase.boot(BasicDatabase.java:182)
	at org.apache.derby.engine/org.apache.derby.impl.services.monitor.BaseMonitor.boot(BaseMonitor.java:1989)
	at org.apache.derby.engine/org.apache.derby.impl.services.monitor.TopService.bootModule(TopService.java:334)
	at org.apache.derby.engine/org.apache.derby.impl.services.monitor.BaseMonitor.bootService(BaseMonitor.java:1817)
	at org.apache.derby.engine/org.apache.derby.impl.services.monitor.BaseMonitor.startProviderService(BaseMonitor.java:1683)
	at org.apache.derby.engine/org.apache.derby.impl.services.monitor.BaseMonitor.findProviderAndStartService(BaseMonitor.java:1567)
	at org.apache.derby.engine/org.apache.derby.impl.services.monitor.BaseMonitor.startPersistentService(BaseMonitor.java:988)
	at org.apache.derby.engine/org.apache.derby.iapi.services.monitor.Monitor.startPersistentService(Monitor.java:598)
	at org.apache.derby.engine/org.apache.derby.impl.jdbc.EmbedConnection.startPersistentService(EmbedConnection.java:3994)
	at org.apache.derby.engine/org.apache.derby.impl.jdbc.EmbedConnection.bootDatabase(EmbedConnection.java:2809)
	at org.apache.derby.engine/org.apache.derby.impl.jdbc.EmbedConnection.<init>(EmbedConnection.java:406)
	at org.apache.derby.engine/org.apache.derby.iapi.jdbc.InternalDriver.getNewEmbedConnection(InternalDriver.java:630)
	at org.apache.derby.engine/org.apache.derby.iapi.jdbc.InternalDriver.connect(InternalDriver.java:295)
	at org.apache.derby.engine/org.apache.derby.iapi.jdbc.InternalDriver.connect(InternalDriver.java:922)
	at org.apache.derby.engine/org.apache.derby.iapi.jdbc.AutoloadedDriver.connect(AutoloadedDriver.java:132)
	at java.sql/java.sql.DriverManager.getConnection(DriverManager.java:682)
	at java.sql/java.sql.DriverManager.getConnection(DriverManager.java:253)
	at ci553.happyshop/ci553.happyshop.storageAccess.UserDatabaseRW.initializeUserTable(UserDatabaseRW.java:49)
	at ci553.happyshop/ci553.happyshop.auth.AuthenticationManager.login(AuthenticationManager.java:52)
	at ci553.happyshop/ci553.happyshop.client.auth.LoginModel.attemptLogin(LoginModel.java:36)
	at ci553.happyshop/ci553.happyshop.client.auth.LoginController.doLogin(LoginController.java:25)
	at ci553.happyshop/ci553.happyshop.client.auth.WarehouseLoginView.lambda$handleWarehouseLogin$5(WarehouseLoginView.java:301)
	at java.base/java.lang.Thread.run(Thread.java:1570)
============= end nested exception, level (2) ===========
Cleanup action completed
----------------------------------------------------------------
Wed Jan 14 01:00:05 GMT 2026:
Booting Derby version The Apache Software Foundation - Apache Derby - 10.16.1.1 - (1901046): instance 601a400f-019b-ba04-4fd0-00000bbeaea0 
on database directory C:\Users\Singlin\IdeaProjects\HappyShop\happyShopDB with class loader jdk.internal.loader.ClassLoaders$AppClassLoader@1e80bfe8 
Loaded from file:/C:/Users/Singlin/.m2/repository/org/apache/derby/derby/10.16.1.1/derby-10.16.1.1.jar
java.vendor=Amazon.com Inc.
java.runtime.version=22.0.2+9-FR
user.dir=C:\Users\Singlin\IdeaProjects\HappyShop
os.name=Windows 11
os.arch=amd64
os.version=10.0
derby.system.home=null

------------  Begin Shutdown Error Stack -------------

ERROR XSLA7: Cannot redo operation null in the log.
	at org.apache.derby.commons/org.apache.derby.shared.common.error.StandardException.newException(StandardException.java:299)
	at org.apache.derby.engine/org.apache.derby.impl.store.raw.log.FileLogger.redo(FileLogger.java:1525)
	at org.apache.derby.engine/org.apache.derby.impl.store.raw.log.LogToFile.recover(LogToFile.java:913)
	at org.apache.derby.engine/org.apache.derby.impl.store.raw.RawStore.boot(RawStore.java:334)
	at org.apache.derby.engine/org.apache.derby.impl.services.monitor.BaseMonitor.boot(BaseMonitor.java:1989)
	at org.apache.derby.engine/org.apache.derby.impl.services.monitor.TopService.bootModule(TopService.java:334)
	at org.apache.derby.engine/org.apache.derby.impl.services.monitor.BaseMonitor.startModule(BaseMonitor.java:527)
	at org.apache.derby.engine/org.apache.derby.impl.services.monitor.FileMonitor.startModule(FileMonitor.java:45)
	at org.apache.derby.engine/org.apache.derby.iapi.services.monitor.Monitor.bootServiceModule(Monitor.java:460)
	at org.apache.derby.engine/org.apache.derby.impl.store.access.RAMAccessManager.bootServiceModule(RAMAccessManager.java:1332)
	at org.apache.derby.engine/org.apache.derby.impl.store.access.RAMAccessManager.boot(RAMAccessManager.java:1035)
	at org.apache.derby.engine/org.apache.derby.impl.services.monitor.BaseMonitor.boot(BaseMonitor.java:1989)
	at org.apache.derby.engine/org.apache.derby.impl.services.monitor.TopService.bootModule(TopService.java:334)
	at org.apache.derby.engine/org.apache.derby.impl.services.monitor.BaseMonitor.startModule(BaseMonitor.java:527)
	at org.apache.derby.engine/org.apache.derby.impl.services.monitor.FileMonitor.startModule(FileMonitor.java:45)
	at org.apache.derby.engine/org.apache.derby.iapi.services.monitor.Monitor.bootServiceModule(Monitor.java:460)
	at org.apache.derby.engine/org.apache.derby.impl.db.BasicDatabase.bootServiceModule(BasicDatabase.java:945)
	at org.apache.derby.engine/org.apache.derby.impl.db.BasicDatabase.bootStore(BasicDatabase.java:773)
	at org.apache.derby.engine/org.apache.derby.impl.db.BasicDatabase.boot(BasicDatabase.java:182)
	at org.apache.derby.engine/org.apache.derby.impl.services.monitor.BaseMonitor.boot(BaseMonitor.java:1989)
	at org.apache.derby.engine/org.apache.derby.impl.services.monitor.TopService.bootModule(TopService.java:334)
	at org.apache.derby.engine/org.apache.derby.impl.services.monitor.BaseMonitor.bootService(BaseMonitor.java:1817)
	at org.apache.derby.engine/org.apache.derby.impl.services.monitor.BaseMonitor.startProviderService(BaseMonitor.java:1683)
	at org.apache.derby.engine/org.apache.derby.impl.services.monitor.BaseMonitor.findProviderAndStartService(BaseMonitor.java:1567)
	at org.apache.derby.engine/org.apache.derby.impl.services.monitor.BaseMonitor.startPersistentService(BaseMonitor.java:988)
	at org.apache.derby.engine/org.apache.derby.iapi.services.monitor.Monitor.startPersistentService(Monitor.java:598)
	at org.apache.derby.engine/org.apache.derby.impl.jdbc.EmbedConnection.startPersistentService(EmbedConnection.java:3994)
	at org.apache.derby.engine/org.apache.derby.impl.jdbc.EmbedConnection.bootDatabase(EmbedConnection.java:2809)
	at org.apache.derby.engine/org.apache.derby.impl.jdbc.EmbedConnection.<init>(EmbedConnection.java:406)
	at org.apache.derby.engine/org.apache.derby.iapi.jdbc.InternalDriver.getNewEmbedConnection(InternalDriver.java:630)
	at org.apache.derby.engine/org.apache.derby.iapi.jdbc.InternalDriver.connect(InternalDriver.java:295)
	at org.apache.derby.engine/org.apache.derby.iapi.jdbc.InternalDriver.connect(InternalDriver.java:922)
	at org.apache.derby.engine/org.apache.derby.iapi.jdbc.AutoloadedDriver.connect(AutoloadedDriver.java:132)
	at java.sql/java.sql.DriverManager.getConnection(DriverManager.java:682)
	at java.sql/java.sql.DriverManager.getConnection(DriverManager.java:253)
	at ci553.happyshop/ci553.happyshop.storageAccess.UserDatabaseRW.initializeUserTable(UserDatabaseRW.java:49)
	at ci553.happyshop/ci553.happyshop.auth.AuthenticationManager.login(AuthenticationManager.java:52)
	at ci553.happyshop/ci553.happyshop.client.auth.LoginModel.attemptLogin(LoginModel.java:36)
	at ci553.happyshop/ci553.happyshop.client.auth.LoginController.doLogin(LoginController.java:25)
	at ci553.happyshop/ci553.happyshop.client.auth.WarehouseLoginView.lambda$handleWarehouseLogin$5(WarehouseLoginView.java:301)
	at java.base/java.lang.Thread.run(Thread.java:1570)
Caused by: ERROR 40XD2: Container Container(0, 2768) cannot be opened; it either has been dropped or does not exist.
	at org.apache.derby.commons/org.apache.derby.shared.common.error.StandardException.newException(StandardException.java:299)
	at org.apache.derby.commons/org.apache.derby.shared.common.error.StandardException.newException(StandardException.java:294)
	at org.apache.derby.engine/org.apache.derby.impl.store.raw.data.PageBasicOperation.findpage(PageBasicOperation.java:278)
	at org.apache.derby.engine/org.apache.derby.impl.store.raw.data.PageBasicOperation.needsRedo(PageBasicOperation.java:153)
	at org.apache.derby.engine/org.apache.derby.impl.store.raw.log.FileLogger.redo(FileLogger.java:1395)
	... 39 more
============= begin nested exception, level (1) ===========
ERROR 40XD2: Container Container(0, 2768) cannot be opened; it either has been dropped or does not exist.
	at org.apache.derby.commons/org.apache.derby.shared.common.error.StandardException.newException(StandardException.java:299)
	at org.apache.derby.commons/org.apache.derby.shared.common.error.StandardException.newException(StandardException.java:294)
	at org.apache.derby.engine/org.apache.derby.impl.store.raw.data.PageBasicOperation.findpage(PageBasicOperation.java:278)
	at org.apache.derby.engine/org.apache.derby.impl.store.raw.data.PageBasicOperation.needsRedo(PageBasicOperation.java:153)
	at org.apache.derby.engine/org.apache.derby.impl.store.raw.log.FileLogger.redo(FileLogger.java:1395)
	at org.apache.derby.engine/org.apache.derby.impl.store.raw.log.LogToFile.recover(LogToFile.java:913)
	at org.apache.derby.engine/org.apache.derby.impl.store.raw.RawStore.boot(RawStore.java:334)
	at org.apache.derby.engine/org.apache.derby.impl.services.monitor.BaseMonitor.boot(BaseMonitor.java:1989)
	at org.apache.derby.engine/org.apache.derby.impl.services.monitor.TopService.bootModule(TopService.java:334)
	at org.apache.derby.engine/org.apache.derby.impl.services.monitor.BaseMonitor.startModule(BaseMonitor.java:527)
	at org.apache.derby.engine/org.apache.derby.impl.services.monitor.FileMonitor.startModule(FileMonitor.java:45)
	at org.apache.derby.engine/org.apache.derby.iapi.services.monitor.Monitor.bootServiceModule(Monitor.java:460)
	at org.apache.derby.engine/org.apache.derby.impl.store.access.RAMAccessManager.bootServiceModule(RAMAccessManager.java:1332)
	at org.apache.derby.engine/org.apache.derby.impl.store.access.RAMAccessManager.boot(RAMAccessManager.java:1035)
	at org.apache.derby.engine/org.apache.derby.impl.services.monitor.BaseMonitor.boot(BaseMonitor.java:1989)
	at org.apache.derby.engine/org.apache.derby.impl.services.monitor.TopService.bootModule(TopService.java:334)
	at org.apache.derby.engine/org.apache.derby.impl.services.monitor.BaseMonitor.startModule(BaseMonitor.java:527)
	at org.apache.derby.engine/org.apache.derby.impl.services.monitor.FileMonitor.startModule(FileMonitor.java:45)
	at org.apache.derby.engine/org.apache.derby.iapi.services.monitor.Monitor.bootServiceModule(Monitor.java:460)
	at org.apache.derby.engine/org.apache.derby.impl.db.BasicDatabase.bootServiceModule(BasicDatabase.java:945)
	at org.apache.derby.engine/org.apache.derby.impl.db.BasicDatabase.bootStore(BasicDatabase.java:773)
	at org.apache.derby.engine/org.apache.derby.impl.db.BasicDatabase.boot(BasicDatabase.java:182)
	at org.apache.derby.engine/org.apache.derby.impl.services.monitor.BaseMonitor.boot(BaseMonitor.java:1989)
	at org.apache.derby.engine/org.apache.derby.impl.services.monitor.TopService.bootModule(TopService.java:334)
	at org.apache.derby.engine/org.apache.derby.impl.services.monitor.BaseMonitor.bootService(BaseMonitor.java:1817)
	at org.apache.derby.engine/org.apache.derby.impl.services.monitor.BaseMonitor.startProviderService(BaseMonitor.java:1683)
	at org.apache.derby.engine/org.apache.derby.impl.services.monitor.BaseMonitor.findProviderAndStartService(BaseMonitor.java:1567)
	at org.apache.derby.engine/org.apache.derby.impl.services.monitor.BaseMonitor.startPersistentService(BaseMonitor.java:988)
	at org.apache.derby.engine/org.apache.derby.iapi.services.monitor.Monitor.startPersistentService(Monitor.java:598)
	at org.apache.derby.engine/org.apache.derby.impl.jdbc.EmbedConnection.startPersistentService(EmbedConnection.java:3994)
	at org.apache.derby.engine/org.apache.derby.impl.jdbc.EmbedConnection.bootDatabase(EmbedConnection.java:2809)
	at org.apache.derby.engine/org.apache.derby.impl.jdbc.EmbedConnection.<init>(EmbedConnection.java:406)
	at org.apache.derby.engine/org.apache.derby.iapi.jdbc.InternalDriver.getNewEmbedConnection(InternalDriver.java:630)
	at org.apache.derby.engine/org.apache.derby.iapi.jdbc.InternalDriver.connect(InternalDriver.java:295)
	at org.apache.derby.engine/org.apache.derby.iapi.jdbc.InternalDriver.connect(InternalDriver.java:922)
	at org.apache.derby.engine/org.apache.derby.iapi.jdbc.AutoloadedDriver.connect(AutoloadedDriver.java:132)
	at java.sql/java.sql.DriverManager.getConnection(DriverManager.java:682)
	at java.sql/java.sql.DriverManager.getConnection(DriverManager.java:253)
	at ci553.happyshop/ci553.happyshop.storageAccess.UserDatabaseRW.initializeUserTable(UserDatabaseRW.java:49)
	at ci553.happyshop/ci553.happyshop.auth.AuthenticationManager.login(AuthenticationManager.java:52)
	at ci553.happyshop/ci553.happyshop.client.auth.LoginModel.attemptLogin(LoginModel.java:36)
	at ci553.happyshop/ci553.happyshop.client.auth.LoginController.doLogin(LoginController.java:25)
	at ci553.happyshop/ci553.happyshop.client.auth.WarehouseLoginView.lambda$handleWarehouseLogin$5(WarehouseLoginView.java:301)
	at java.base/java.lang.Thread.run(Thread.java:1570)
============= end nested exception, level (1) ===========


------------  End Shutdown Error Stack -------------

----------------------------------------------------------------
Wed Jan 14 01:00:05 GMT 2026:
Shutting down instance 601a400f-019b-ba04-4fd0-00000bbeaea0 on database directory C:\Users\Singlin\IdeaProjects\HappyShop\happyShopDB with class loader jdk.internal.loader.ClassLoaders$AppClassLoader@1e80bfe8 
Wed Jan 14 01:00:05 GMT 2026 Thread[#56,Thread-5,5,main] Cleanup action starting
java.sql.SQLException: Failed to start database 'happyShopDB' with class loader jdk.internal.loader.ClassLoaders$AppClassLoader@1e80bfe8, see the next exception for details.
	at org.apache.derby.engine/org.apache.derby.impl.jdbc.SQLExceptionFactory.getSQLException(SQLExceptionFactory.java:115)
	at org.apache.derby.engine/org.apache.derby.impl.jdbc.SQLExceptionFactory.getSQLException(SQLExceptionFactory.java:141)
	at org.apache.derby.engine/org.apache.derby.impl.jdbc.Util.seeNextException(Util.java:252)
	at org.apache.derby.engine/org.apache.derby.impl.jdbc.EmbedConnection.bootDatabase(EmbedConnection.java:2848)
	at org.apache.derby.engine/org.apache.derby.impl.jdbc.EmbedConnection.<init>(EmbedConnection.java:406)
	at org.apache.derby.engine/org.apache.derby.iapi.jdbc.InternalDriver.getNewEmbedConnection(InternalDriver.java:630)
	at org.apache.derby.engine/org.apache.derby.iapi.jdbc.InternalDriver.connect(InternalDriver.java:295)
	at org.apache.derby.engine/org.apache.derby.iapi.jdbc.InternalDriver.connect(InternalDriver.java:922)
	at org.apache.derby.engine/org.apache.derby.iapi.jdbc.AutoloadedDriver.connect(AutoloadedDriver.java:132)
	at java.sql/java.sql.DriverManager.getConnection(DriverManager.java:682)
	at java.sql/java.sql.DriverManager.getConnection(DriverManager.java:253)
	at ci553.happyshop/ci553.happyshop.storageAccess.UserDatabaseRW.initializeUserTable(UserDatabaseRW.java:49)
	at ci553.happyshop/ci553.happyshop.auth.AuthenticationManager.login(AuthenticationManager.java:52)
	at ci553.happyshop/ci553.happyshop.client.auth.LoginModel.attemptLogin(LoginModel.java:36)
	at ci553.happyshop/ci553.happyshop.client.auth.LoginController.doLogin(LoginController.java:25)
	at ci553.happyshop/ci553.happyshop.client.auth.WarehouseLoginView.lambda$handleWarehouseLogin$5(WarehouseLoginView.java:301)
	at java.base/java.lang.Thread.run(Thread.java:1570)
Caused by: ERROR XJ040: Failed to start database 'happyShopDB' with class loader jdk.internal.loader.ClassLoaders$AppClassLoader@1e80bfe8, see the next exception for details.
	at org.apache.derby.commons/org.apache.derby.shared.common.error.StandardException.newException(StandardException.java:299)
	at org.apache.derby.engine/org.apache.derby.impl.jdbc.SQLExceptionFactory.wrapArgsForTransportAcrossDRDA(SQLExceptionFactory.java:170)
	at org.apache.derby.engine/org.apache.derby.impl.jdbc.SQLExceptionFactory.getSQLException(SQLExceptionFactory.java:75)
	... 16 more
Caused by: ERROR 40XD2: Container Container(0, 2768) cannot be opened; it either has been dropped or does not exist.
	at org.apache.derby.commons/org.apache.derby.shared.common.error.StandardException.newException(StandardException.java:299)
	at org.apache.derby.commons/org.apache.derby.shared.common.error.StandardException.newException(StandardException.java:294)
	at org.apache.derby.engine/org.apache.derby.impl.store.raw.data.PageBasicOperation.findpage(PageBasicOperation.java:278)
	at org.apache.derby.engine/org.apache.derby.impl.store.raw.data.PageBasicOperation.needsRedo(PageBasicOperation.java:153)
	at org.apache.derby.engine/org.apache.derby.impl.store.raw.log.FileLogger.redo(FileLogger.java:1395)
	at org.apache.derby.engine/org.apache.derby.impl.store.raw.log.LogToFile.recover(LogToFile.java:913)
	at org.apache.derby.engine/org.apache.derby.impl.store.raw.RawStore.boot(RawStore.java:334)
	at org.apache.derby.engine/org.apache.derby.impl.services.monitor.BaseMonitor.boot(BaseMonitor.java:1989)
	at org.apache.derby.engine/org.apache.derby.impl.services.monitor.TopService.bootModule(TopService.java:334)
	at org.apache.derby.engine/org.apache.derby.impl.services.monitor.BaseMonitor.startModule(BaseMonitor.java:527)
	at org.apache.derby.engine/org.apache.derby.impl.services.monitor.FileMonitor.startModule(FileMonitor.java:45)
	at org.apache.derby.engine/org.apache.derby.iapi.services.monitor.Monitor.bootServiceModule(Monitor.java:460)
	at org.apache.derby.engine/org.apache.derby.impl.store.access.RAMAccessManager.bootServiceModule(RAMAccessManager.java:1332)
	at org.apache.derby.engine/org.apache.derby.impl.store.access.RAMAccessManager.boot(RAMAccessManager.java:1035)
	at org.apache.derby.engine/org.apache.derby.impl.services.monitor.BaseMonitor.boot(BaseMonitor.java:1989)
	at org.apache.derby.engine/org.apache.derby.impl.services.monitor.TopService.bootModule(TopService.java:334)
	at org.apache.derby.engine/org.apache.derby.impl.services.monitor.BaseMonitor.startModule(BaseMonitor.java:527)
	at org.apache.derby.engine/org.apache.derby.impl.services.monitor.FileMonitor.startModule(FileMonitor.java:45)
	at org.apache.derby.engine/org.apache.derby.iapi.services.monitor.Monitor.bootServiceModule(Monitor.java:460)
	at org.apache.derby.engine/org.apache.derby.impl.db.BasicDatabase.bootServiceModule(BasicDatabase.java:945)
	at org.apache.derby.engine/org.apache.derby.impl.db.BasicDatabase.bootStore(BasicDatabase.java:773)
	at org.apache.derby.engine/org.apache.derby.impl.db.BasicDatabase.boot(BasicDatabase.java:182)
	at org.apache.derby.engine/org.apache.derby.impl.services.monitor.BaseMonitor.boot(BaseMonitor.java:1989)
	at org.apache.derby.engine/org.apache.derby.impl.services.monitor.TopService.bootModule(TopService.java:334)
	at org.apache.derby.engine/org.apache.derby.impl.services.monitor.BaseMonitor.bootService(BaseMonitor.java:1817)
	at org.apache.derby.engine/org.apache.derby.impl.services.monitor.BaseMonitor.startProviderService(BaseMonitor.java:1683)
	at org.apache.derby.engine/org.apache.derby.impl.services.monitor.BaseMonitor.findProviderAndStartService(BaseMonitor.java:1567)
	at org.apache.derby.engine/org.apache.derby.impl.services.monitor.BaseMonitor.startPersistentService(BaseMonitor.java:988)
	at org.apache.derby.engine/org.apache.derby.iapi.services.monitor.Monitor.startPersistentService(Monitor.java:598)
	at org.apache.derby.engine/org.apache.derby.impl.jdbc.EmbedConnection.startPersistentService(EmbedConnection.java:3994)
	at org.apache.derby.engine/org.apache.derby.impl.jdbc.EmbedConnection.bootDatabase(EmbedConnection.java:2809)
	... 13 more
============= begin nested exception, level (1) ===========
java.sql.SQLTransactionRollbackException: Container Container(0, 2768) cannot be opened; it either has been dropped or does not exist.
	at org.apache.derby.engine/org.apache.derby.impl.jdbc.SQLExceptionFactory.getSQLException(SQLExceptionFactory.java:100)
	at org.apache.derby.engine/org.apache.derby.impl.jdbc.Util.generateCsSQLException(Util.java:230)
	at org.apache.derby.engine/org.apache.derby.impl.jdbc.EmbedConnection.bootDatabase(EmbedConnection.java:2842)
	at org.apache.derby.engine/org.apache.derby.impl.jdbc.EmbedConnection.<init>(EmbedConnection.java:406)
	at org.apache.derby.engine/org.apache.derby.iapi.jdbc.InternalDriver.getNewEmbedConnection(InternalDriver.java:630)
	at org.apache.derby.engine/org.apache.derby.iapi.jdbc.InternalDriver.connect(InternalDriver.java:295)
	at org.apache.derby.engine/org.apache.derby.iapi.jdbc.InternalDriver.connect(InternalDriver.java:922)
	at org.apache.derby.engine/org.apache.derby.iapi.jdbc.AutoloadedDriver.connect(AutoloadedDriver.java:132)
	at java.sql/java.sql.DriverManager.getConnection(DriverManager.java:682)
	at java.sql/java.sql.DriverManager.getConnection(DriverManager.java:253)
	at ci553.happyshop/ci553.happyshop.storageAccess.UserDatabaseRW.initializeUserTable(UserDatabaseRW.java:49)
	at ci553.happyshop/ci553.happyshop.auth.AuthenticationManager.login(AuthenticationManager.java:52)
	at ci553.happyshop/ci553.happyshop.client.auth.LoginModel.attemptLogin(LoginModel.java:36)
	at ci553.happyshop/ci553.happyshop.client.auth.LoginController.doLogin(LoginController.java:25)
	at ci553.happyshop/ci553.happyshop.client.auth.WarehouseLoginView.lambda$handleWarehouseLogin$5(WarehouseLoginView.java:301)
	at java.base/java.lang.Thread.run(Thread.java:1570)
Caused by: ERROR 40XD2: Container Container(0, 2768) cannot be opened; it either has been dropped or does not exist.
	at org.apache.derby.commons/org.apache.derby.shared.common.error.StandardException.newException(StandardException.java:299)
	at org.apache.derby.commons/org.apache.derby.shared.common.error.StandardException.newException(StandardException.java:294)
	at org.apache.derby.engine/org.apache.derby.impl.store.raw.data.PageBasicOperation.findpage(PageBasicOperation.java:278)
	at org.apache.derby.engine/org.apache.derby.impl.store.raw.data.PageBasicOperation.needsRedo(PageBasicOperation.java:153)
	at org.apache.derby.engine/org.apache.derby.impl.store.raw.log.FileLogger.redo(FileLogger.java:1395)
	at org.apache.derby.engine/org.apache.derby.impl.store.raw.log.LogToFile.recover(LogToFile.java:913)
	at org.apache.derby.engine/org.apache.derby.impl.store.raw.RawStore.boot(RawStore.java:334)
	at org.apache.derby.engine/org.apache.derby.impl.services.monitor.BaseMonitor.boot(BaseMonitor.java:1989)
	at org.apache.derby.engine/org.apache.derby.impl.services.monitor.TopService.bootModule(TopService.java:334)
	at org.apache.derby.engine/org.apache.derby.impl.services.monitor.BaseMonitor.startModule(BaseMonitor.java:527)
	at org.apache.derby.engine/org.apache.derby.impl.services.monitor.FileMonitor.startModule(FileMonitor.java:45)
	at org.apache.derby.engine/org.apache.derby.iapi.services.monitor.Monitor.bootServiceModule(Monitor.java:460)
	at org.apache.derby.engine/org.apache.derby.impl.store.access.RAMAccessManager.bootServiceModule(RAMAccessManager.java:1332)
	at org.apache.derby.engine/org.apache.derby.impl.store.access.RAMAccessManager.boot(RAMAccessManager.java:1035)
	at org.apache.derby.engine/org.apache.derby.impl.services.monitor.BaseMonitor.boot(BaseMonitor.java:1989)
	at org.apache.derby.engine/org.apache.derby.impl.services.monitor.TopService.bootModule(TopService.java:334)
	at org.apache.derby.engine/org.apache.derby.impl.services.monitor.BaseMonitor.startModule(BaseMonitor.java:527)
	at org.apache.derby.engine/org.apache.derby.impl.services.monitor.FileMonitor.startModule(FileMonitor.java:45)
	at org.apache.derby.engine/org.apache.derby.iapi.services.monitor.Monitor.bootServiceModule(Monitor.java:460)
	at org.apache.derby.engine/org.apache.derby.impl.db.BasicDatabase.bootServiceModule(BasicDatabase.java:945)
	at org.apache.derby.engine/org.apache.derby.impl.db.BasicDatabase.bootStore(BasicDatabase.java:773)
	at org.apache.derby.engine/org.apache.derby.impl.db.BasicDatabase.boot(BasicDatabase.java:182)
	at org.apache.derby.engine/org.apache.derby.impl.services.monitor.BaseMonitor.boot(BaseMonitor.java:1989)
	at org.apache.derby.engine/org.apache.derby.impl.services.monitor.TopService.bootModule(TopService.java:334)
	at org.apache.derby.engine/org.apache.derby.impl.services.monitor.BaseMonitor.bootService(BaseMonitor.java:1817)
	at org.apache.derby.engine/org.apache.derby.impl.services.monitor.BaseMonitor.startProviderService(BaseMonitor.java:1683)
	at org.apache.derby.engine/org.apache.derby.impl.services.monitor.BaseMonitor.findProviderAndStartService(BaseMonitor.java:1567)
	at org.apache.derby.engine/org.apache.derby.impl.services.monitor.BaseMonitor.startPersistentService(BaseMonitor.java:988)
	at org.apache.derby.engine/org.apache.derby.iapi.services.monitor.Monitor.startPersistentService(Monitor.java:598)
	at org.apache.derby.engine/org.apache.derby.impl.jdbc.EmbedConnection.startPersistentService(EmbedConnection.java:3994)
	at org.apache.derby.engine/org.apache.derby.impl.jdbc.EmbedConnection.bootDatabase(EmbedConnection.java:2809)
	... 13 more
============= end nested exception, level (1) ===========
============= begin nested exception, level (2) ===========
ERROR 40XD2: Container Container(0, 2768) cannot be opened; it either has been dropped or does not exist.
	at org.apache.derby.commons/org.apache.derby.shared.common.error.StandardException.newException(StandardException.java:299)
	at org.apache.derby.commons/org.apache.derby.shared.common.error.StandardException.newException(StandardException.java:294)
	at org.apache.derby.engine/org.apache.derby.impl.store.raw.data.PageBasicOperation.findpage(PageBasicOperation.java:278)
	at org.apache.derby.engine/org.apache.derby.impl.store.raw.data.PageBasicOperation.needsRedo(PageBasicOperation.java:153)
	at org.apache.derby.engine/org.apache.derby.impl.store.raw.log.FileLogger.redo(FileLogger.java:1395)
	at org.apache.derby.engine/org.apache.derby.impl.store.raw.log.LogToFile.recover(LogToFile.java:913)
	at org.apache.derby.engine/org.apache.derby.impl.store.raw.RawStore.boot(RawStore.java:334)
	at org.apache.derby.engine/org.apache.derby.impl.services.monitor.BaseMonitor.boot(BaseMonitor.java:1989)
	at org.apache.derby.engine/org.apache.derby.impl.services.monitor.TopService.bootModule(TopService.java:334)
	at org.apache.derby.engine/org.apache.derby.impl.services.monitor.BaseMonitor.startModule(BaseMonitor.java:527)
	at org.apache.derby.engine/org.apache.derby.impl.services.monitor.FileMonitor.startModule(FileMonitor.java:45)
	at org.apache.derby.engine/org.apache.derby.iapi.services.monitor.Monitor.bootServiceModule(Monitor.java:460)
	at org.apache.derby.engine/org.apache.derby.impl.store.access.RAMAccessManager.bootServiceModule(RAMAccessManager.java:1332)
	at org.apache.derby.engine/org.apache.derby.impl.store.access.RAMAccessManager.boot(RAMAccessManager.java:1035)
	at org.apache.derby.engine/org.apache.derby.impl.services.monitor.BaseMonitor.boot(BaseMonitor.java:1989)
	at org.apache.derby.engine/org.apache.derby.impl.services.monitor.TopService.bootModule(TopService.java:334)
	at org.apache.derby.engine/org.apache.derby.impl.services.monitor.BaseMonitor.startModule(BaseMonitor.java:527)
	at org.apache.derby.engine/org.apache.derby.impl.services.monitor.FileMonitor.startModule(FileMonitor.java:45)
	at org.apache.derby.engine/org.apache.derby.iapi.services.monitor.Monitor.bootServiceModule(Monitor.java:460)
	at org.apache.derby.engine/org.apache.derby.impl.db.BasicDatabase.bootServiceModule(BasicDatabase.java:945)
	at org.apache.derby.engine/org.apache.derby.impl.db.BasicDatabase.bootStore(BasicDatabase.java:773)
	at org.apache.derby.engine/org.apache.derby.impl.db.BasicDatabase.boot(BasicDatabase.java:182)
	at org.apache.derby.engine/org.apache.derby.impl.services.monitor.BaseMonitor.boot(BaseMonitor.java:1989)
	at org.apache.derby.engine/org.apache.derby.impl.services.monitor.TopService.bootModule(TopService.java:334)
	at org.apache.derby.engine/org.apache.derby.impl.services.monitor.BaseMonitor.bootService(BaseMonitor.java:1817)
	at org.apache.derby.engine/org.apache.derby.impl.services.monitor.BaseMonitor.startProviderService(BaseMonitor.java:1683)
	at org.apache.derby.engine/org.apache.derby.impl.services.monitor.BaseMonitor.findProviderAndStartService(BaseMonitor.java:1567)
	at org.apache.derby.engine/org.apache.derby.impl.services.monitor.BaseMonitor.startPersistentService(BaseMonitor.java:988)
	at org.apache.derby.engine/org.apache.derby.iapi.services.monitor.Monitor.startPersistentService(Monitor.java:598)
	at org.apache.derby.engine/org.apache.derby.impl.jdbc.EmbedConnection.startPersistentService(EmbedConnection.java:3994)
	at org.apache.derby.engine/org.apache.derby.impl.jdbc.EmbedConnection.bootDatabase(EmbedConnection.java:2809)
	at org.apache.derby.engine/org.apache.derby.impl.jdbc.EmbedConnection.<init>(EmbedConnection.java:406)
	at org.apache.derby.engine/org.apache.derby.iapi.jdbc.InternalDriver.getNewEmbedConnection(InternalDriver.java:630)
	at org.apache.derby.engine/org.apache.derby.iapi.jdbc.InternalDriver.connect(InternalDriver.java:295)
	at org.apache.derby.engine/org.apache.derby.iapi.jdbc.InternalDriver.connect(InternalDriver.java:922)
	at org.apache.derby.engine/org.apache.derby.iapi.jdbc.AutoloadedDriver.connect(AutoloadedDriver.java:132)
	at java.sql/java.sql.DriverManager.getConnection(DriverManager.java:682)
	at java.sql/java.sql.DriverManager.getConnection(DriverManager.java:253)
	at ci553.happyshop/ci553.happyshop.storageAccess.UserDatabaseRW.initializeUserTable(UserDatabaseRW.java:49)
	at ci553.happyshop/ci553.happyshop.auth.AuthenticationManager.login(AuthenticationManager.java:52)
	at ci553.happyshop/ci553.happyshop.client.auth.LoginModel.attemptLogin(LoginModel.java:36)
	at ci553.happyshop/ci553.happyshop.client.auth.LoginController.doLogin(LoginController.java:25)
	at ci553.happyshop/ci553.happyshop.client.auth.WarehouseLoginView.lambda$handleWarehouseLogin$5(WarehouseLoginView.java:301)
	at java.base/java.lang.Thread.run(Thread.java:1570)
============= end nested exception, level (2) ===========
Cleanup action completed
